16101 1508 1983
16099 1735 1981
16066 2068 2037
16066 2068 2037
16066 2068 2037
16048 1827 1930
16048 1827 1930
15851 1859 1858
15851 1859 1858
15851 1859 1858
15851 1859 1858
15851 1859 1858
15851 1859 1858
15851 1859 1858
15851 1859 1858
15851 1859 1858
15851 1859 1858
15851 1859 1858
15801 1859 1858
15801 1859 1858
15801 1859 1858
15801 1859 1858
15801 1859 1858
15801 1859 1858
15801 1859 1858
15801 1859 1858
15801 1859 1858
15801 1859 1858
15801 1859 1858
15801 1859 1858
15801 1859 1858
15801 1859 1858
15796 1837 1855
15781 1812 1777
15781 1812 1777
15781 1812 1777
15754 1812 1777
15754 1812 1777
15754 1812 1777
15754 1812 1777
15754 1812 1777
15754 1812 1777
15754 1812 1777
15754 1812 1777
15754 1812 1777
15754 1812 1777
15754 1812 1777
15754 1812 1777
15754 1812 1777
15754 1812 1777
15720 1778 1550
15720 1778 1550
15720 1778 1550
15720 1778 1550
15720 1778 1550
15720 1778 1550
15720 1778 1550
15720 1778 1550
15720 1778 1550
15720 1778 1550
15720 1778 1550
15720 1778 1550
15720 1778 1550
15720 1778 1550
15720 1778 1550
15720 1778 1550
15720 1778 1550
15720 1778 1550
15720 1778 1550
15720 1778 1550
15720 1778 1550
15720 1778 1550
15676 1734 1507
15676 1734 1507
15676 1734 1507
15676 1734 1507
15676 1734 1507
15676 1734 1507
15676 1734 1507
15676 1734 1507
15676 1734 1507
15676 1734 1507
15676 1734 1507
15676 1734 1507
15676 1734 1507
15676 1734 1507
15676 1734 1507
15676 1734 1507
15676 1734 1507
15676 1734 1507
15676 1734 1507
15676 1734 1507
15676 1734 1507
15676 1734 1507
15676 1734 1507
15676 1734 1507
15676 1734 1507
15676 1734 1507
15676 1734 1507
15676 1734 1507
