16238 1976 1783
16081 2016 1920
16081 2016 1920
16081 2016 1920
16081 2016 1920
16081 2016 1920
15957 1892 1867
15842 1777 1726
15957 1892 1867
15957 1892 1867
15957 1892 1867
15957 1892 1867
15957 1892 1867
15957 1892 1867
15957 1892 1867
15957 1892 1867
15957 1892 1867
15957 1892 1867
15957 1892 1867
15957 1892 1867
15957 1892 1867
15957 1892 1867
15957 1892 1867
15957 1892 1867
15957 1892 1867
15957 1892 1867
15957 1892 1867
15957 1892 1867
15933 1868 1818
15933 1868 1818
15933 1868 1818
15933 1868 1818
15933 1868 1818
15917 1852 1818
15917 1852 1818
15917 1852 1818
15917 1852 1818
15917 1852 1818
15917 1852 1818
15917 1852 1818
15917 1852 1818
15917 1852 1818
15917 1852 1818
15914 1849 1830
15914 1849 1830
15914 1849 1830
15914 1849 1830
15914 1849 1830
15914 1849 1830
15914 1849 1830
15914 1849 1830
15914 1849 1830
15914 1849 1830
15897 1820 1830
15897 1820 1830
15897 1820 1830
15897 1820 1830
15897 1820 1830
15897 1820 1830
15897 1820 1830
15897 1820 1830
15897 1820 1830
15897 1702 1830
15897 1820 1830
15897 1820 1830
15897 1820 1830
15897 1702 1830
15897 1702 1830
15897 1820 1830
15897 1702 1830
15885 1702 1830
15885 1820 1830
15885 1820 1830
15885 1820 1830
15885 1820 1830
15885 1820 1830
15885 1820 1830
15885 1820 1830
15885 1820 1830
15885 1820 1830
15885 1820 1830
15885 1820 1830
15885 1820 1830
15885 1820 1830
15885 1820 1830
15885 1820 1830
15801 1820 1830
15801 1820 1830
15801 1820 1830
15801 1820 1830
15801 1820 1830
15801 1820 1830
15801 1820 1830
15801 1820 1830
15801 1820 1830
15801 1820 1830
15801 1820 1830
15801 1820 1830
15801 1820 1830
15801 1820 1830
